build/app/outputs/mapping/release/mapping.txt
# compiler: R8
# compiler_version: 1.5.64
# min_api: 16
# pg_map_id: 464b20e
...
io.flutter.plugin.mouse.MouseCursorPlugin$MouseCursorViewDelegate -> b.a.b.d.a$c:
    android.view.PointerIcon getSystemPointerIcon(int) -> a
io.flutter.plugin.platform.-$$Lambda$PlatformViewsController$1$i4ojtb0pOVFKsQcwzERs83K3E8M -> io.flutter.plugin.platform.a:
    io.flutter.embedding.engine.systemchannels.PlatformViewsChannel$PlatformViewCreationRequest f$1 -> b
    io.flutter.plugin.platform.PlatformViewsController$1 f$0 -> a
io.flutter.plugin.platform.-$$Lambda$PlatformViewsController$LCdG-lczcEGgq9dnX04hdHKRzsE -> io.flutter.plugin.platform.b:
    io.flutter.plugin.platform.PlatformViewsController f$0 -> a
io.flutter.plugin.platform.AccessibilityEventsDelegate -> io.flutter.plugin.platform.c:
    io.flutter.view.AccessibilityBridge accessibilityBridge -> a
    boolean requestSendAccessibilityEvent(android.view.View,android.view.View,android.view.accessibility.AccessibilityEvent) -> a
    void setAccessibilityBridge(io.flutter.view.AccessibilityBridge) -> a
io.flutter.plugin.platform.PlatformPlugin -> io.flutter.plugin.platform.d:
    io.flutter.embedding.engine.systemchannels.PlatformChannel$SystemChromeStyle currentTheme -> c
    io.flutter.embedding.engine.systemchannels.PlatformChannel$PlatformMessageHandler mPlatformMessageHandler -> e
    int mEnabledOverlays -> d
    android.app.Activity activity -> a
    io.flutter.embedding.engine.systemchannels.PlatformChannel platformChannel -> b
    void access$000(io.flutter.plugin.platform.PlatformPlugin,io.flutter.embedding.engine.systemchannels.PlatformChannel$SoundType) -> a
    void access$100(io.flutter.plugin.platform.PlatformPlugin,int) -> a
    void access$200(io.flutter.plugin.platform.PlatformPlugin,io.flutter.embedding.engine.systemchannels.PlatformChannel$AppSwitcherDescription) -> a
    void access$300(io.flutter.plugin.platform.PlatformPlugin,java.util.List) -> a
    void access$400(io.flutter.plugin.platform.PlatformPlugin) -> a
    void access$500(io.flutter.plugin.platform.PlatformPlugin,io.flutter.embedding.engine.systemchannels.PlatformChannel$SystemChromeStyle) -> a
    java.lang.CharSequence access$700(io.flutter.plugin.platform.PlatformPlugin,io.flutter.embedding.engine.systemchannels.PlatformChannel$ClipboardContentFormat) -> a
    void access$800(io.flutter.plugin.platform.PlatformPlugin,java.lang.String) -> a
    void destroy() -> a
io.flutter.plugin.platform.PlatformPlugin$1 -> io.flutter.plugin.platform.d$a:
    io.flutter.plugin.platform.PlatformPlugin this$0 -> a
    java.lang.CharSequence getClipboardData(io.flutter.embedding.engine.systemchannels.PlatformChannel$ClipboardContentFormat) -> a
    void playSystemSound(io.flutter.embedding.engine.systemchannels.PlatformChannel$SoundType) -> a
    void restoreSystemUiOverlays() -> a
    void setApplicationSwitcherDescription(io.flutter.embedding.engine.systemchannels.PlatformChannel$AppSwitcherDescription) -> a
    void setClipboardData(java.lang.String) -> a
    void setPreferredOrientations(int) -> a
    void setSystemUiOverlayStyle(io.flutter.embedding.engine.systemchannels.PlatformChannel$SystemChromeStyle) -> a
    void showSystemOverlays(java.util.List) -> a
    void vibrateHapticFeedback(io.flutter.embedding.engine.systemchannels.PlatformChannel$HapticFeedbackType) -> a
    void popSystemNavigator() -> b
io.flutter.plugin.platform.PlatformPlugin$2 -> io.flutter.plugin.platform.d$b:
    int[] $SwitchMap$io$flutter$embedding$engine$systemchannels$PlatformChannel$SystemUiOverlay -> b
    int[] $SwitchMap$io$flutter$embedding$engine$systemchannels$PlatformChannel$Brightness -> c
    int[] $SwitchMap$io$flutter$embedding$engine$systemchannels$PlatformChannel$HapticFeedbackType -> a
io.flutter.plugin.platform.PlatformView -> io.flutter.plugin.platform.e:
    void dispose() -> a
    void onFlutterViewAttached(android.view.View) -> a
    void onInputConnectionUnlocked() -> b
    void onFlutterViewDetached() -> c
    android.view.View getView() -> d
    void onInputConnectionLocked() -> e